<?xml version="1.0" encoding="utf-8"?><testsuites name="pytest tests"><testsuite name="pytest" errors="0" failures="0" skipped="0" tests="22" time="1.815" timestamp="2026-04-29T12:35:05.252786+00:00" hostname="agent-env-9efae1f7-d1be-451d-8f6a-69be9031ddeb"><testcase classname="backend.tests.backend_test.TestExams" name="test_list_exams" time="0.140" /><testcase classname="backend.tests.backend_test.TestExams" name="test_get_exam_no_answers" time="0.060" /><testcase classname="backend.tests.backend_test.TestExams" name="test_exam_status" time="0.050" /><testcase classname="backend.tests.backend_test.TestExams" name="test_exam_not_found" time="0.051" /><testcase classname="backend.tests.backend_test.TestAudio" name="test_get_audio_returns_mpeg" time="0.117" /><testcase classname="backend.tests.backend_test.TestAudio" name="test_audio_not_found" time="0.051" /><testcase classname="backend.tests.backend_test.TestAuth" name="test_me_unauth" time="0.048" /><testcase classname="backend.tests.backend_test.TestAuth" name="test_me_with_bearer" time="0.115" /><testcase classname="backend.tests.backend_test.TestAttempts" name="test_create_attempt_requires_auth" time="0.050" /><testcase classname="backend.tests.backend_test.TestAttempts" name="test_create_and_submit_listening" time="0.156" /><testcase classname="backend.tests.backend_test.TestAttempts" name="test_submit_reading_scoring" time="0.111" /><testcase classname="backend.tests.backend_test.TestAttempts" name="test_attempt_not_found" time="0.056" /><testcase classname="backend.tests.backend_test.TestProgress" name="test_progress_requires_auth" time="0.049" /><testcase classname="backend.tests.backend_test.TestProgress" name="test_progress" time="0.051" /><testcase classname="backend.tests.backend_test.TestAdmin" name="test_admin_exams_unauth" time="0.051" /><testcase classname="backend.tests.backend_test.TestAdmin" name="test_admin_exams_list" time="0.053" /><testcase classname="backend.tests.backend_test.TestAdmin" name="test_admin_stats_unauth" time="0.051" /><testcase classname="backend.tests.backend_test.TestAdmin" name="test_admin_stats" time="0.051" /><testcase classname="backend.tests.backend_test.TestAdmin" name="test_admin_delete_unauth" time="0.052" /><testcase classname="backend.tests.backend_test.TestAdmin" name="test_admin_delete_nonexistent" time="0.050" /><testcase classname="backend.tests.backend_test.TestInstructionAudio" name="test_listening_sections_have_instruction_audio" time="0.194" /><testcase classname="backend.tests.backend_test.TestImprovedScoring" name="test_case_insensitive_and_variations" time="0.105" /></testsuite></testsuites>