<?xml version="1.0" encoding="utf-8"?><testsuites name="pytest tests"><testsuite name="pytest" errors="0" failures="0" skipped="0" tests="14" time="1.493" timestamp="2026-04-29T12:11:44.254481+00:00" hostname="agent-env-9efae1f7-d1be-451d-8f6a-69be9031ddeb"><testcase classname="backend.tests.backend_test.TestExams" name="test_list_exams" time="0.229" /><testcase classname="backend.tests.backend_test.TestExams" name="test_get_exam_no_answers" time="0.071" /><testcase classname="backend.tests.backend_test.TestExams" name="test_exam_status" time="0.059" /><testcase classname="backend.tests.backend_test.TestExams" name="test_exam_not_found" time="0.055" /><testcase classname="backend.tests.backend_test.TestAudio" name="test_get_audio_returns_mpeg" time="0.073" /><testcase classname="backend.tests.backend_test.TestAudio" name="test_audio_not_found" time="0.060" /><testcase classname="backend.tests.backend_test.TestAuth" name="test_me_unauth" time="0.059" /><testcase classname="backend.tests.backend_test.TestAuth" name="test_me_with_bearer" time="0.104" /><testcase classname="backend.tests.backend_test.TestAttempts" name="test_create_attempt_requires_auth" time="0.058" /><testcase classname="backend.tests.backend_test.TestAttempts" name="test_create_and_submit_listening" time="0.152" /><testcase classname="backend.tests.backend_test.TestAttempts" name="test_submit_reading_scoring" time="0.102" /><testcase classname="backend.tests.backend_test.TestAttempts" name="test_attempt_not_found" time="0.057" /><testcase classname="backend.tests.backend_test.TestProgress" name="test_progress_requires_auth" time="0.084" /><testcase classname="backend.tests.backend_test.TestProgress" name="test_progress" time="0.056" /></testsuite></testsuites>